<?xml version="1.0" encoding="UTF-8"?>
<!-- Generated by org.testng.reporters.JUnitReportReporter -->
<testsuite hostname="DESKTOP-LFIIN3N" failures="0" tests="3" name="rahulShettyQaClass.test.ErrorValidation" time="31.399" errors="0" timestamp="2022-11-15T22:07:57 EST" skipped="0">
  <testcase classname="rahulShettyQaClass.test.ErrorValidation" name="OrderPageValidation" time="5.813"/>
  <system-out/>
  <testcase classname="rahulShettyQaClass.test.ErrorValidation" name="loginErrorValidation" time="6.004"/>
  <system-out/>
  <testcase classname="rahulShettyQaClass.test.ErrorValidation" name="productErrorValidation" time="19.582"/>
  <system-out/>
</testsuite> <!-- rahulShettyQaClass.test.ErrorValidation -->
